{"/Users/filiphagen/Documents/GitHub/MERN/backend/controllers/userController.js": {"path":"/Users/filiphagen/Documents/GitHub/MERN/backend/controllers/userController.js","statementMap":{"0":{"start":{"line":1,"column":13},"end":{"line":1,"column":43}},"1":{"start":{"line":2,"column":12},"end":{"line":2,"column":35}},"2":{"start":{"line":4,"column":20},"end":{"line":6,"column":1}},"3":{"start":{"line":5,"column":2},"end":{"line":5,"column":68}},"4":{"start":{"line":9,"column":18},"end":{"line":28,"column":1}},"5":{"start":{"line":10,"column":30},"end":{"line":10,"column":38}},"6":{"start":{"line":11,"column":2},"end":{"line":27,"column":3}},"7":{"start":{"line":12,"column":17},"end":{"line":12,"column":50}},"8":{"start":{"line":15,"column":18},"end":{"line":15,"column":39}},"9":{"start":{"line":17,"column":4},"end":{"line":24,"column":7}},"10":{"start":{"line":26,"column":4},"end":{"line":26,"column":51}},"11":{"start":{"line":31,"column":19},"end":{"line":51,"column":1}},"12":{"start":{"line":32,"column":30},"end":{"line":32,"column":38}},"13":{"start":{"line":34,"column":2},"end":{"line":50,"column":3}},"14":{"start":{"line":35,"column":17},"end":{"line":35,"column":51}},"15":{"start":{"line":38,"column":18},"end":{"line":38,"column":39}},"16":{"start":{"line":40,"column":4},"end":{"line":47,"column":7}},"17":{"start":{"line":49,"column":4},"end":{"line":49,"column":51}},"18":{"start":{"line":54,"column":19},"end":{"line":56,"column":1}},"19":{"start":{"line":55,"column":2},"end":{"line":55,"column":55}},"20":{"start":{"line":58,"column":0},"end":{"line":58,"column":55}}},"fnMap":{"0":{"name":"(anonymous_0)","decl":{"start":{"line":4,"column":20},"end":{"line":4,"column":21}},"loc":{"start":{"line":4,"column":29},"end":{"line":6,"column":1}},"line":4},"1":{"name":"(anonymous_1)","decl":{"start":{"line":9,"column":18},"end":{"line":9,"column":19}},"loc":{"start":{"line":9,"column":38},"end":{"line":28,"column":1}},"line":9},"2":{"name":"(anonymous_2)","decl":{"start":{"line":31,"column":19},"end":{"line":31,"column":20}},"loc":{"start":{"line":31,"column":39},"end":{"line":51,"column":1}},"line":31},"3":{"name":"(anonymous_3)","decl":{"start":{"line":54,"column":19},"end":{"line":54,"column":20}},"loc":{"start":{"line":54,"column":39},"end":{"line":56,"column":1}},"line":54}},"branchMap":{},"s":{"0":1,"1":1,"2":1,"3":2,"4":1,"5":3,"6":3,"7":3,"8":1,"9":1,"10":2,"11":1,"12":3,"13":3,"14":3,"15":1,"16":1,"17":2,"18":1,"19":1,"20":1},"f":{"0":2,"1":3,"2":3,"3":1},"b":{},"_coverageSchema":"1a1c01bbd47fc00a2c39e90264f33305004495a9","hash":"558c1b88791ef44e82c75e0aed24bf98d44c7242"}
,"/Users/filiphagen/Documents/GitHub/MERN/backend/controllers/workoutController.js": {"path":"/Users/filiphagen/Documents/GitHub/MERN/backend/controllers/workoutController.js","statementMap":{"0":{"start":{"line":1,"column":16},"end":{"line":1,"column":49}},"1":{"start":{"line":2,"column":17},"end":{"line":2,"column":36}},"2":{"start":{"line":5,"column":20},"end":{"line":11,"column":1}},"3":{"start":{"line":6,"column":18},"end":{"line":6,"column":30}},"4":{"start":{"line":8,"column":19},"end":{"line":8,"column":74}},"5":{"start":{"line":10,"column":2},"end":{"line":10,"column":33}},"6":{"start":{"line":14,"column":19},"end":{"line":28,"column":1}},"7":{"start":{"line":15,"column":17},"end":{"line":15,"column":27}},"8":{"start":{"line":17,"column":2},"end":{"line":19,"column":3}},"9":{"start":{"line":18,"column":4},"end":{"line":18,"column":62}},"10":{"start":{"line":21,"column":18},"end":{"line":21,"column":44}},"11":{"start":{"line":23,"column":2},"end":{"line":25,"column":3}},"12":{"start":{"line":24,"column":4},"end":{"line":24,"column":62}},"13":{"start":{"line":27,"column":2},"end":{"line":27,"column":32}},"14":{"start":{"line":31,"column":22},"end":{"line":59,"column":1}},"15":{"start":{"line":32,"column":32},"end":{"line":32,"column":40}},"16":{"start":{"line":34,"column":20},"end":{"line":34,"column":22}},"17":{"start":{"line":36,"column":2},"end":{"line":38,"column":3}},"18":{"start":{"line":37,"column":4},"end":{"line":37,"column":30}},"19":{"start":{"line":39,"column":2},"end":{"line":41,"column":3}},"20":{"start":{"line":40,"column":4},"end":{"line":40,"column":29}},"21":{"start":{"line":42,"column":2},"end":{"line":44,"column":3}},"22":{"start":{"line":43,"column":4},"end":{"line":43,"column":29}},"23":{"start":{"line":45,"column":2},"end":{"line":49,"column":3}},"24":{"start":{"line":46,"column":4},"end":{"line":48,"column":69}},"25":{"start":{"line":52,"column":2},"end":{"line":58,"column":3}},"26":{"start":{"line":53,"column":20},"end":{"line":53,"column":32}},"27":{"start":{"line":54,"column":20},"end":{"line":54,"column":72}},"28":{"start":{"line":55,"column":4},"end":{"line":55,"column":34}},"29":{"start":{"line":57,"column":4},"end":{"line":57,"column":51}},"30":{"start":{"line":62,"column":22},"end":{"line":76,"column":1}},"31":{"start":{"line":63,"column":17},"end":{"line":63,"column":27}},"32":{"start":{"line":65,"column":2},"end":{"line":67,"column":3}},"33":{"start":{"line":66,"column":4},"end":{"line":66,"column":62}},"34":{"start":{"line":69,"column":18},"end":{"line":69,"column":61}},"35":{"start":{"line":71,"column":2},"end":{"line":73,"column":3}},"36":{"start":{"line":72,"column":4},"end":{"line":72,"column":62}},"37":{"start":{"line":75,"column":2},"end":{"line":75,"column":32}},"38":{"start":{"line":79,"column":22},"end":{"line":98,"column":1}},"39":{"start":{"line":80,"column":17},"end":{"line":80,"column":27}},"40":{"start":{"line":82,"column":2},"end":{"line":84,"column":3}},"41":{"start":{"line":83,"column":4},"end":{"line":83,"column":62}},"42":{"start":{"line":86,"column":18},"end":{"line":91,"column":3}},"43":{"start":{"line":93,"column":2},"end":{"line":95,"column":3}},"44":{"start":{"line":94,"column":4},"end":{"line":94,"column":62}},"45":{"start":{"line":97,"column":2},"end":{"line":97,"column":32}},"46":{"start":{"line":100,"column":0},"end":{"line":106,"column":2}}},"fnMap":{"0":{"name":"(anonymous_0)","decl":{"start":{"line":5,"column":20},"end":{"line":5,"column":21}},"loc":{"start":{"line":5,"column":40},"end":{"line":11,"column":1}},"line":5},"1":{"name":"(anonymous_1)","decl":{"start":{"line":14,"column":19},"end":{"line":14,"column":20}},"loc":{"start":{"line":14,"column":39},"end":{"line":28,"column":1}},"line":14},"2":{"name":"(anonymous_2)","decl":{"start":{"line":31,"column":22},"end":{"line":31,"column":23}},"loc":{"start":{"line":31,"column":42},"end":{"line":59,"column":1}},"line":31},"3":{"name":"(anonymous_3)","decl":{"start":{"line":62,"column":22},"end":{"line":62,"column":23}},"loc":{"start":{"line":62,"column":42},"end":{"line":76,"column":1}},"line":62},"4":{"name":"(anonymous_4)","decl":{"start":{"line":79,"column":22},"end":{"line":79,"column":23}},"loc":{"start":{"line":79,"column":42},"end":{"line":98,"column":1}},"line":79}},"branchMap":{"0":{"loc":{"start":{"line":17,"column":2},"end":{"line":19,"column":3}},"type":"if","locations":[{"start":{"line":17,"column":2},"end":{"line":19,"column":3}},{"start":{},"end":{}}],"line":17},"1":{"loc":{"start":{"line":23,"column":2},"end":{"line":25,"column":3}},"type":"if","locations":[{"start":{"line":23,"column":2},"end":{"line":25,"column":3}},{"start":{},"end":{}}],"line":23},"2":{"loc":{"start":{"line":36,"column":2},"end":{"line":38,"column":3}},"type":"if","locations":[{"start":{"line":36,"column":2},"end":{"line":38,"column":3}},{"start":{},"end":{}}],"line":36},"3":{"loc":{"start":{"line":39,"column":2},"end":{"line":41,"column":3}},"type":"if","locations":[{"start":{"line":39,"column":2},"end":{"line":41,"column":3}},{"start":{},"end":{}}],"line":39},"4":{"loc":{"start":{"line":42,"column":2},"end":{"line":44,"column":3}},"type":"if","locations":[{"start":{"line":42,"column":2},"end":{"line":44,"column":3}},{"start":{},"end":{}}],"line":42},"5":{"loc":{"start":{"line":45,"column":2},"end":{"line":49,"column":3}},"type":"if","locations":[{"start":{"line":45,"column":2},"end":{"line":49,"column":3}},{"start":{},"end":{}}],"line":45},"6":{"loc":{"start":{"line":65,"column":2},"end":{"line":67,"column":3}},"type":"if","locations":[{"start":{"line":65,"column":2},"end":{"line":67,"column":3}},{"start":{},"end":{}}],"line":65},"7":{"loc":{"start":{"line":71,"column":2},"end":{"line":73,"column":3}},"type":"if","locations":[{"start":{"line":71,"column":2},"end":{"line":73,"column":3}},{"start":{},"end":{}}],"line":71},"8":{"loc":{"start":{"line":82,"column":2},"end":{"line":84,"column":3}},"type":"if","locations":[{"start":{"line":82,"column":2},"end":{"line":84,"column":3}},{"start":{},"end":{}}],"line":82},"9":{"loc":{"start":{"line":93,"column":2},"end":{"line":95,"column":3}},"type":"if","locations":[{"start":{"line":93,"column":2},"end":{"line":95,"column":3}},{"start":{},"end":{}}],"line":93}},"s":{"0":1,"1":1,"2":1,"3":1,"4":1,"5":1,"6":1,"7":3,"8":3,"9":1,"10":2,"11":2,"12":1,"13":1,"14":1,"15":2,"16":2,"17":2,"18":0,"19":2,"20":1,"21":2,"22":1,"23":2,"24":1,"25":1,"26":1,"27":1,"28":1,"29":0,"30":1,"31":3,"32":3,"33":1,"34":2,"35":2,"36":1,"37":1,"38":1,"39":3,"40":3,"41":1,"42":2,"43":2,"44":1,"45":1,"46":1},"f":{"0":1,"1":3,"2":2,"3":3,"4":3},"b":{"0":[1,2],"1":[1,1],"2":[0,2],"3":[1,1],"4":[1,1],"5":[1,1],"6":[1,2],"7":[1,1],"8":[1,2],"9":[1,1]},"_coverageSchema":"1a1c01bbd47fc00a2c39e90264f33305004495a9","hash":"4c1ef93986317113930796ca156fdceca7bda304"}
,"/Users/filiphagen/Documents/GitHub/MERN/backend/middleware/requireAuth.js": {"path":"/Users/filiphagen/Documents/GitHub/MERN/backend/middleware/requireAuth.js","statementMap":{"0":{"start":{"line":1,"column":12},"end":{"line":1,"column":35}},"1":{"start":{"line":2,"column":13},"end":{"line":2,"column":43}},"2":{"start":{"line":4,"column":20},"end":{"line":24,"column":1}},"3":{"start":{"line":6,"column":28},"end":{"line":6,"column":39}},"4":{"start":{"line":8,"column":2},"end":{"line":10,"column":3}},"5":{"start":{"line":9,"column":4},"end":{"line":9,"column":75}},"6":{"start":{"line":12,"column":16},"end":{"line":12,"column":43}},"7":{"start":{"line":14,"column":2},"end":{"line":23,"column":3}},"8":{"start":{"line":15,"column":20},"end":{"line":15,"column":57}},"9":{"start":{"line":17,"column":4},"end":{"line":17,"column":57}},"10":{"start":{"line":18,"column":4},"end":{"line":18,"column":11}},"11":{"start":{"line":20,"column":4},"end":{"line":20,"column":23}},"12":{"start":{"line":21,"column":4},"end":{"line":21,"column":23}},"13":{"start":{"line":22,"column":4},"end":{"line":22,"column":65}},"14":{"start":{"line":26,"column":0},"end":{"line":26,"column":29}}},"fnMap":{"0":{"name":"(anonymous_0)","decl":{"start":{"line":4,"column":20},"end":{"line":4,"column":21}},"loc":{"start":{"line":4,"column":46},"end":{"line":24,"column":1}},"line":4}},"branchMap":{"0":{"loc":{"start":{"line":8,"column":2},"end":{"line":10,"column":3}},"type":"if","locations":[{"start":{"line":8,"column":2},"end":{"line":10,"column":3}},{"start":{},"end":{}}],"line":8}},"s":{"0":1,"1":1,"2":1,"3":4,"4":4,"5":1,"6":3,"7":3,"8":3,"9":2,"10":2,"11":1,"12":1,"13":1,"14":1},"f":{"0":4},"b":{"0":[1,3]},"_coverageSchema":"1a1c01bbd47fc00a2c39e90264f33305004495a9","hash":"e27f5490e36355ef07ff490e2fea6a6622010f40"}
,"/Users/filiphagen/Documents/GitHub/MERN/backend/models/WorkoutModel.js": {"path":"/Users/filiphagen/Documents/GitHub/MERN/backend/models/WorkoutModel.js","statementMap":{"0":{"start":{"line":1,"column":17},"end":{"line":1,"column":36}},"1":{"start":{"line":3,"column":15},"end":{"line":3,"column":30}},"2":{"start":{"line":5,"column":22},"end":{"line":25,"column":1}},"3":{"start":{"line":27,"column":0},"end":{"line":27,"column":58}}},"fnMap":{},"branchMap":{},"s":{"0":2,"1":2,"2":2,"3":2},"f":{},"b":{},"_coverageSchema":"1a1c01bbd47fc00a2c39e90264f33305004495a9","hash":"b61c2f9256c4dd3f9bd6ec8d1be7086db546316a"}
,"/Users/filiphagen/Documents/GitHub/MERN/backend/models/userModel.js": {"path":"/Users/filiphagen/Documents/GitHub/MERN/backend/models/userModel.js","statementMap":{"0":{"start":{"line":1,"column":16},"end":{"line":1,"column":35}},"1":{"start":{"line":2,"column":14},"end":{"line":2,"column":31}},"2":{"start":{"line":3,"column":18},"end":{"line":3,"column":38}},"3":{"start":{"line":5,"column":15},"end":{"line":5,"column":30}},"4":{"start":{"line":7,"column":19},"end":{"line":25,"column":2}},"5":{"start":{"line":28,"column":0},"end":{"line":49,"column":1}},"6":{"start":{"line":30,"column":4},"end":{"line":32,"column":5}},"7":{"start":{"line":31,"column":8},"end":{"line":31,"column":48}},"8":{"start":{"line":33,"column":4},"end":{"line":35,"column":5}},"9":{"start":{"line":34,"column":8},"end":{"line":34,"column":41}},"10":{"start":{"line":36,"column":4},"end":{"line":38,"column":5}},"11":{"start":{"line":37,"column":8},"end":{"line":37,"column":52}},"12":{"start":{"line":40,"column":19},"end":{"line":40,"column":46}},"13":{"start":{"line":41,"column":4},"end":{"line":43,"column":5}},"14":{"start":{"line":42,"column":8},"end":{"line":42,"column":43}},"15":{"start":{"line":45,"column":17},"end":{"line":45,"column":41}},"16":{"start":{"line":46,"column":17},"end":{"line":46,"column":50}},"17":{"start":{"line":48,"column":4},"end":{"line":48,"column":54}},"18":{"start":{"line":52,"column":0},"end":{"line":72,"column":1}},"19":{"start":{"line":54,"column":4},"end":{"line":56,"column":5}},"20":{"start":{"line":55,"column":8},"end":{"line":55,"column":48}},"21":{"start":{"line":57,"column":4},"end":{"line":59,"column":5}},"22":{"start":{"line":58,"column":8},"end":{"line":58,"column":41}},"23":{"start":{"line":61,"column":17},"end":{"line":61,"column":44}},"24":{"start":{"line":62,"column":4},"end":{"line":64,"column":5}},"25":{"start":{"line":63,"column":8},"end":{"line":63,"column":36}},"26":{"start":{"line":66,"column":18},"end":{"line":66,"column":63}},"27":{"start":{"line":67,"column":4},"end":{"line":69,"column":5}},"28":{"start":{"line":68,"column":8},"end":{"line":68,"column":41}},"29":{"start":{"line":71,"column":4},"end":{"line":71,"column":16}},"30":{"start":{"line":74,"column":0},"end":{"line":74,"column":51}}},"fnMap":{"0":{"name":"(anonymous_0)","decl":{"start":{"line":28,"column":28},"end":{"line":28,"column":29}},"loc":{"start":{"line":28,"column":60},"end":{"line":49,"column":1}},"line":28},"1":{"name":"(anonymous_1)","decl":{"start":{"line":52,"column":27},"end":{"line":52,"column":28}},"loc":{"start":{"line":52,"column":59},"end":{"line":72,"column":1}},"line":52}},"branchMap":{"0":{"loc":{"start":{"line":30,"column":4},"end":{"line":32,"column":5}},"type":"if","locations":[{"start":{"line":30,"column":4},"end":{"line":32,"column":5}},{"start":{},"end":{}}],"line":30},"1":{"loc":{"start":{"line":30,"column":8},"end":{"line":30,"column":27}},"type":"binary-expr","locations":[{"start":{"line":30,"column":8},"end":{"line":30,"column":14}},{"start":{"line":30,"column":18},"end":{"line":30,"column":27}}],"line":30},"2":{"loc":{"start":{"line":33,"column":4},"end":{"line":35,"column":5}},"type":"if","locations":[{"start":{"line":33,"column":4},"end":{"line":35,"column":5}},{"start":{},"end":{}}],"line":33},"3":{"loc":{"start":{"line":36,"column":4},"end":{"line":38,"column":5}},"type":"if","locations":[{"start":{"line":36,"column":4},"end":{"line":38,"column":5}},{"start":{},"end":{}}],"line":36},"4":{"loc":{"start":{"line":41,"column":4},"end":{"line":43,"column":5}},"type":"if","locations":[{"start":{"line":41,"column":4},"end":{"line":43,"column":5}},{"start":{},"end":{}}],"line":41},"5":{"loc":{"start":{"line":54,"column":4},"end":{"line":56,"column":5}},"type":"if","locations":[{"start":{"line":54,"column":4},"end":{"line":56,"column":5}},{"start":{},"end":{}}],"line":54},"6":{"loc":{"start":{"line":54,"column":8},"end":{"line":54,"column":27}},"type":"binary-expr","locations":[{"start":{"line":54,"column":8},"end":{"line":54,"column":14}},{"start":{"line":54,"column":18},"end":{"line":54,"column":27}}],"line":54},"7":{"loc":{"start":{"line":57,"column":4},"end":{"line":59,"column":5}},"type":"if","locations":[{"start":{"line":57,"column":4},"end":{"line":59,"column":5}},{"start":{},"end":{}}],"line":57},"8":{"loc":{"start":{"line":62,"column":4},"end":{"line":64,"column":5}},"type":"if","locations":[{"start":{"line":62,"column":4},"end":{"line":64,"column":5}},{"start":{},"end":{}}],"line":62},"9":{"loc":{"start":{"line":67,"column":4},"end":{"line":69,"column":5}},"type":"if","locations":[{"start":{"line":67,"column":4},"end":{"line":69,"column":5}},{"start":{},"end":{}}],"line":67}},"s":{"0":4,"1":4,"2":4,"3":4,"4":4,"5":4,"6":15,"7":3,"8":12,"9":2,"10":10,"11":1,"12":9,"13":9,"14":1,"15":8,"16":8,"17":8,"18":4,"19":9,"20":2,"21":7,"22":1,"23":6,"24":6,"25":2,"26":4,"27":4,"28":2,"29":2,"30":4},"f":{"0":15,"1":9},"b":{"0":[3,12],"1":[15,14],"2":[2,10],"3":[1,9],"4":[1,8],"5":[2,7],"6":[9,8],"7":[1,6],"8":[2,4],"9":[2,2]},"_coverageSchema":"1a1c01bbd47fc00a2c39e90264f33305004495a9","hash":"4ae50cbce706e68197fb440ef33cc7cc4e1306ab"}
}
