TN:
SF:controllers/userController.js
FN:4,(anonymous_0)
FN:9,(anonymous_1)
FN:31,(anonymous_2)
FN:54,(anonymous_3)
FNF:4
FNH:4
FNDA:2,(anonymous_0)
FNDA:3,(anonymous_1)
FNDA:3,(anonymous_2)
FNDA:1,(anonymous_3)
DA:1,1
DA:2,1
DA:4,1
DA:5,2
DA:9,1
DA:10,3
DA:11,3
DA:12,3
DA:15,1
DA:17,1
DA:26,2
DA:31,1
DA:32,3
DA:34,3
DA:35,3
DA:38,1
DA:40,1
DA:49,2
DA:54,1
DA:55,1
DA:58,1
LF:21
LH:21
BRF:0
BRH:0
end_of_record
TN:
SF:controllers/workoutController.js
FN:5,(anonymous_0)
FN:14,(anonymous_1)
FN:31,(anonymous_2)
FN:62,(anonymous_3)
FN:79,(anonymous_4)
FNF:5
FNH:5
FNDA:1,(anonymous_0)
FNDA:3,(anonymous_1)
FNDA:2,(anonymous_2)
FNDA:3,(anonymous_3)
FNDA:3,(anonymous_4)
DA:1,1
DA:2,1
DA:5,1
DA:6,1
DA:8,1
DA:10,1
DA:14,1
DA:15,3
DA:17,3
DA:18,1
DA:21,2
DA:23,2
DA:24,1
DA:27,1
DA:31,1
DA:32,2
DA:34,2
DA:36,2
DA:37,0
DA:39,2
DA:40,1
DA:42,2
DA:43,1
DA:45,2
DA:46,1
DA:52,1
DA:53,1
DA:54,1
DA:55,1
DA:57,0
DA:62,1
DA:63,3
DA:65,3
DA:66,1
DA:69,2
DA:71,2
DA:72,1
DA:75,1
DA:79,1
DA:80,3
DA:82,3
DA:83,1
DA:86,2
DA:93,2
DA:94,1
DA:97,1
DA:100,1
LF:47
LH:45
BRDA:17,0,0,1
BRDA:17,0,1,2
BRDA:23,1,0,1
BRDA:23,1,1,1
BRDA:36,2,0,0
BRDA:36,2,1,2
BRDA:39,3,0,1
BRDA:39,3,1,1
BRDA:42,4,0,1
BRDA:42,4,1,1
BRDA:45,5,0,1
BRDA:45,5,1,1
BRDA:65,6,0,1
BRDA:65,6,1,2
BRDA:71,7,0,1
BRDA:71,7,1,1
BRDA:82,8,0,1
BRDA:82,8,1,2
BRDA:93,9,0,1
BRDA:93,9,1,1
BRF:20
BRH:19
end_of_record
TN:
SF:middleware/requireAuth.js
FN:4,(anonymous_0)
FNF:1
FNH:1
FNDA:4,(anonymous_0)
DA:1,1
DA:2,1
DA:4,1
DA:6,4
DA:8,4
DA:9,1
DA:12,3
DA:14,3
DA:15,3
DA:17,2
DA:18,2
DA:20,1
DA:21,1
DA:22,1
DA:26,1
LF:15
LH:15
BRDA:8,0,0,1
BRDA:8,0,1,3
BRF:2
BRH:2
end_of_record
TN:
SF:models/WorkoutModel.js
FNF:0
FNH:0
DA:1,2
DA:3,2
DA:5,2
DA:27,2
LF:4
LH:4
BRF:0
BRH:0
end_of_record
TN:
SF:models/userModel.js
FN:28,(anonymous_0)
FN:52,(anonymous_1)
FNF:2
FNH:2
FNDA:15,(anonymous_0)
FNDA:9,(anonymous_1)
DA:1,4
DA:2,4
DA:3,4
DA:5,4
DA:7,4
DA:28,4
DA:30,15
DA:31,3
DA:33,12
DA:34,2
DA:36,10
DA:37,1
DA:40,9
DA:41,9
DA:42,1
DA:45,8
DA:46,8
DA:48,8
DA:52,4
DA:54,9
DA:55,2
DA:57,7
DA:58,1
DA:61,6
DA:62,6
DA:63,2
DA:66,4
DA:67,4
DA:68,2
DA:71,2
DA:74,4
LF:31
LH:31
BRDA:30,0,0,3
BRDA:30,0,1,12
BRDA:30,1,0,15
BRDA:30,1,1,14
BRDA:33,2,0,2
BRDA:33,2,1,10
BRDA:36,3,0,1
BRDA:36,3,1,9
BRDA:41,4,0,1
BRDA:41,4,1,8
BRDA:54,5,0,2
BRDA:54,5,1,7
BRDA:54,6,0,9
BRDA:54,6,1,8
BRDA:57,7,0,1
BRDA:57,7,1,6
BRDA:62,8,0,2
BRDA:62,8,1,4
BRDA:67,9,0,2
BRDA:67,9,1,2
BRF:20
BRH:20
end_of_record
